0 info it worked if it ends with ok
1 verbose cli [ '/home/dbernard/.nvm/versions/node/v6.10.0/bin/node',
1 verbose cli   '/home/dbernard/.nvm/versions/node/v6.10.0/lib/node_modules/npm/bin/npm-cli.js',
1 verbose cli   'run',
1 verbose cli   'start' ]
2 info using npm@3.10.10
3 info using node@v6.10.0
4 verbose run-script [ 'prestart', 'start', 'poststart' ]
5 info lifecycle graphql-poc@1.0.0~prestart: graphql-poc@1.0.0
6 silly lifecycle graphql-poc@1.0.0~prestart: no script for prestart, continuing
7 info lifecycle graphql-poc@1.0.0~start: graphql-poc@1.0.0
8 verbose lifecycle graphql-poc@1.0.0~start: unsafe-perm in lifecycle true
9 verbose lifecycle graphql-poc@1.0.0~start: PATH: /home/dbernard/.nvm/versions/node/v6.10.0/lib/node_modules/npm/bin/node-gyp-bin:/home/dbernard/Projects/graphql-poc/node_modules/.bin:/home/dbernard/.nvm/versions/node/v6.10.0/bin:/usr/local/sbin:/usr/local/bin:/usr/sbin:/usr/bin:/sbin:/bin:/usr/games:/usr/local/games
10 verbose lifecycle graphql-poc@1.0.0~start: CWD: /home/dbernard/Projects/graphql-poc
11 silly lifecycle graphql-poc@1.0.0~start: Args: [ '-c', 'babel-node app/server.js' ]
12 silly lifecycle graphql-poc@1.0.0~start: Returned: code: 1  signal: null
13 info lifecycle graphql-poc@1.0.0~start: Failed to exec start script
14 verbose stack Error: graphql-poc@1.0.0 start: `babel-node app/server.js`
14 verbose stack Exit status 1
14 verbose stack     at EventEmitter.<anonymous> (/home/dbernard/.nvm/versions/node/v6.10.0/lib/node_modules/npm/lib/utils/lifecycle.js:255:16)
14 verbose stack     at emitTwo (events.js:106:13)
14 verbose stack     at EventEmitter.emit (events.js:191:7)
14 verbose stack     at ChildProcess.<anonymous> (/home/dbernard/.nvm/versions/node/v6.10.0/lib/node_modules/npm/lib/utils/spawn.js:40:14)
14 verbose stack     at emitTwo (events.js:106:13)
14 verbose stack     at ChildProcess.emit (events.js:191:7)
14 verbose stack     at maybeClose (internal/child_process.js:877:16)
14 verbose stack     at Process.ChildProcess._handle.onexit (internal/child_process.js:226:5)
15 verbose pkgid graphql-poc@1.0.0
16 verbose cwd /home/dbernard/Projects/graphql-poc
17 error Linux 4.4.0-78-generic
18 error argv "/home/dbernard/.nvm/versions/node/v6.10.0/bin/node" "/home/dbernard/.nvm/versions/node/v6.10.0/lib/node_modules/npm/bin/npm-cli.js" "run" "start"
19 error node v6.10.0
20 error npm  v3.10.10
21 error code ELIFECYCLE
22 error graphql-poc@1.0.0 start: `babel-node app/server.js`
22 error Exit status 1
23 error Failed at the graphql-poc@1.0.0 start script 'babel-node app/server.js'.
23 error Make sure you have the latest version of node.js and npm installed.
23 error If you do, this is most likely a problem with the graphql-poc package,
23 error not with npm itself.
23 error Tell the author that this fails on your system:
23 error     babel-node app/server.js
23 error You can get information on how to open an issue for this project with:
23 error     npm bugs graphql-poc
23 error Or if that isn't available, you can get their info via:
23 error     npm owner ls graphql-poc
23 error There is likely additional logging output above.
24 verbose exit [ 1, true ]
